<?xml version="1.0" encoding="UTF-8"?>
<testsuite name="com.sungung.DataServiceTests" time="0.43" tests="5" errors="0" skipped="0" failures="0">
  <properties>
[...]
</properties>
  <testcase name="searchCriteriaNullTest" classname="com.sungung.DataServiceTests" time="0.003"/>
  <testcase name="brewerServiceSearchTest" classname="com.sungung.DataServiceTests" time="0.396"/>
  <testcase name="repositoryIsUpAndRunningTest" classname="com.sungung.DataServiceTests" time="0.006"/>
  <testcase name="brewerServicePageTest" classname="com.sungung.DataServiceTests" time="0.016"/>
  <testcase name="brewerServiceSortTest" classname="com.sungung.DataServiceTests" time="0.009"/>
</testsuite>